[01:30:06] [Server thread/INFO]: skupdiripop[/127.60.55.119:60067] logged in with entity id 34007 at (-53.5, 69.0, -351.5)
[01:30:06] [Server thread/INFO]: skupdiripop joined the game
[01:34:07] [Server thread/INFO]: [Yumalala: Teleported Yumalala to skupdiripop]
[01:35:26] [Server thread/INFO]: skupdiripop has made the advancement [Diamonds!]
[01:36:13] [Server thread/WARN]: Oak Boat (vehicle of Yumalala) moved wrongly! 0.2827764854303041
[01:36:13] [Server thread/WARN]: Oak Boat (vehicle of Yumalala) moved wrongly! 0.4330028674081632
[01:36:13] [Server thread/WARN]: Oak Boat (vehicle of Yumalala) moved wrongly! 0.6082033020143172
[01:41:30] [Server thread/INFO]: skupdiripop has made the advancement [We Need to Go Deeper]
[01:44:32] [Server thread/INFO]: skupdiripop has made the advancement [Cover Me with Diamonds]
[01:45:56] [Server thread/INFO]: skupdiripop has made the advancement [Monster Hunter]
[01:46:21] [Server thread/INFO]: skupdiripop has made the advancement [Sweet Dreams]
[01:56:17] [Server thread/INFO]: skupdiripop has made the advancement [What a Deal!]
[01:56:29] [Server thread/WARN]: Can't keep up! Is the server overloaded? Running 2306ms or 46 ticks behind
[02:00:41] [Server thread/INFO]: skupdiripop has made the advancement [Stone Age]
[02:03:50] [Server thread/INFO]: [Yumalala: Teleported Yumalala to skupdiripop]
[02:04:52] [Server thread/INFO]: [Yumalala: Teleported skupdiripop to -459.500000, 22.000000, -1348.500000]
[02:05:25] [Server thread/INFO]: skupdiripop has made the advancement [Minecraft: Trial(s) Edition]
[02:05:38] [Server thread/INFO]: skupdiripop has made the advancement [Acquire Hardware]
[02:05:57] [Server thread/INFO]: [Yumalala: Teleported Yumalala to -339.500000, 91.000000, -1495.500000]
[02:07:37] [Server thread/INFO]: skupdiripop has made the advancement [Under Lock and Key]
[02:08:23] [Server thread/INFO]: skupdiripop lost connection: Disconnected
[02:08:23] [Server thread/INFO]: skupdiripop left the game
[02:10:11] [Server thread/INFO]: skupdiripop[/127.60.55.119:45499] logged in with entity id 50802 at (-455.25718445975696, -6.0, -1359.2172959189452)
[02:10:11] [Server thread/INFO]: skupdiripop joined the game
[02:13:15] [Server thread/INFO]: skupdiripop has made the advancement [Wax Off]
[02:20:18] [Server thread/INFO]: skupdiripop was shot by Skeleton
[02:20:25] [Netty Epoll Server IO #5/WARN]: Failed to deliver packet, sending fallback clientbound/minecraft:player_combat_kill
io.netty.channel.StacklessClosedChannelException: null
	at io.netty.channel.AbstractChannel.close(ChannelPromise)(Unknown Source) ~[netty-transport-4.1.118.Final.jar:4.1.118.Final]
[02:21:01] [Server thread/INFO]: Yumalala lost connection: Disconnected
[02:21:01] [Server thread/INFO]: Yumalala left the game
[02:21:01] [Server thread/INFO]: skupdiripop lost connection: Disconnected
[02:21:01] [Server thread/INFO]: skupdiripop left the game
[02:21:01] [Server thread/WARN]: Can't keep up! Is the server overloaded? Running 42860ms or 857 ticks behind
[02:21:20] [Server thread/INFO]: skupdiripop[/127.60.55.119:42959] logged in with entity id 54726 at (-473.8597953542755, -17.878703159460812, -1353.2755372461172)
[02:21:20] [Server thread/INFO]: skupdiripop joined the game
[02:21:26] [Server thread/INFO]: Yumalala[/127.146.168.29:59147] logged in with entity id 55273 at (-246.73528939122411, 142.0, -1509.300000011921)
[02:21:26] [Server thread/INFO]: Yumalala joined the game
[02:21:43] [Server thread/INFO]: [Yumalala: Teleported Yumalala to skupdiripop]
[02:22:01] [Server thread/INFO]: [Yumalala: Teleported skupdiripop to Yumalala]
[02:23:44] [Server thread/INFO]: [Yumalala: Teleported Yumalala to -379.500000, 82.000000, -1470.500000]
[02:23:47] [Server thread/INFO]: skupdiripop was shot by Skeleton
[02:24:10] [Server thread/INFO]: [Yumalala: Teleported Yumalala to skupdiripop]
[02:24:21] [Server thread/INFO]: [Yumalala: Teleported skupdiripop to Yumalala]
[02:27:38] [Server thread/INFO]: skupdiripop has reached the goal [Revaulting]
[02:27:59] [Server thread/INFO]: [Yumalala: Teleported Yumalala to -285.500000, 100.000000, -1530.500000]
[02:28:05] [Server thread/INFO]: [Yumalala: Set own game mode to Spectator Mode]
[02:28:13] [Server thread/INFO]: [Yumalala: Set own game mode to Survival Mode]
[02:36:23] [Server thread/INFO]: [Yumalala: Teleported skupdiripop to Yumalala]
[02:58:24] [Server thread/INFO]: skupdiripop lost connection: Disconnected
[02:58:24] [Server thread/INFO]: skupdiripop left the game
[03:28:51] [Server thread/INFO]: Yumalala fell from a high place
[03:31:13] [Server thread/INFO]: Yumalala fell from a high place
[03:34:41] [Server thread/INFO]: Yumalala was shot by Skeleton
[03:35:05] [Server thread/INFO]: [Yumalala: Set own game mode to Spectator Mode]
[03:35:11] [Server thread/INFO]: [Yumalala: The difficulty has been set to Peaceful]
[03:35:13] [Server thread/INFO]: [Yumalala: Set own game mode to Survival Mode]
[03:44:20] [Server thread/INFO]: [Yumalala: The difficulty has been set to Hard]
[03:50:46] [Server thread/INFO]: Yumalala was slain by Zombie
[03:52:38] [Server thread/INFO]: [Yumalala: Set own game mode to Spectator Mode]
[03:52:39] [Server thread/INFO]: [Yumalala: Set own game mode to Survival Mode]
[04:01:42] [Server thread/INFO]: Yumalala was shot by Skeleton
[04:01:55] [Server thread/INFO]: [Yumalala: Teleported Yumalala to -242.500000, 71.220000, -1535.000000]
[04:05:14] [Server thread/INFO]: [Yumalala: Teleported Yumalala to -254.280000, 73.000000, -1530.150000]
[04:05:58] [Server thread/INFO]: [Yumalala: Teleported Yumalala to -261.980000, 112.000000, -1520.390000]
[04:06:45] [Server thread/INFO]: [Yumalala: Teleported Yumalala to -252.170000, 175.500000, -1520.290000]
[04:07:24] [Server thread/INFO]: Yumalala fell from a high place
[04:09:27] [Server thread/WARN]: Mismatch in destroy block pos: ja{x=0, y=0, z=0} ja{x=-331, y=93, z=-1555}
